----------------------------------------------------------
Pattern: test_case3 Begin time : 2023-09-15 10:16:45
Pattern: test_case3 End time : 2023-09-15 10:16:45
Pattern : test_case3 Status : ^_^     PASS    ^_^ 
Simulaton start  at : 2023-09-15 10:16:45
Simulaton finish at : 2023-09-15 10:16:45
----------------------------------------------------------
----------------------------------------------------------
Pattern: test_case3 Begin time : 2023-09-15 10:18:23
Pattern: test_case3 End time : 2023-09-15 10:18:23
Pattern : test_case3 Status : ^_^     PASS    ^_^ 
Simulaton start  at : 2023-09-15 10:18:23
Simulaton finish at : 2023-09-15 10:18:23
----------------------------------------------------------
----------------------------------------------------------
Pattern: test_case3 Begin time : 2023-09-15 10:19:45
Pattern: test_case3 End time : 2023-09-15 10:19:45
Pattern : test_case3 Status : ^_^     PASS    ^_^ 
Simulaton start  at : 2023-09-15 10:19:45
Simulaton finish at : 2023-09-15 10:19:45
----------------------------------------------------------
----------------------------------------------------------
Pattern: test_case3 Begin time : 2023-09-15 10:20:57
Pattern: test_case3 End time : 2023-09-15 10:20:57
Pattern : test_case3 Status : ^_^     PASS    ^_^ 
Simulaton start  at : 2023-09-15 10:20:56
Simulaton finish at : 2023-09-15 10:20:57
----------------------------------------------------------
----------------------------------------------------------
Pattern: test_case3 Begin time : 2023-09-15 10:22:13
Pattern: test_case3 End time : 2023-09-15 10:22:13
Pattern : test_case3 Status : ^_^     PASS    ^_^ 
Simulaton start  at : 2023-09-15 10:22:13
Simulaton finish at : 2023-09-15 10:22:13
----------------------------------------------------------
----------------------------------------------------------
Pattern: test_case Begin time : 2023-09-15 10:31:41
Pattern: test_case End time : 2023-09-15 10:31:41
Pattern : test_case Status : ^_^     PASS    ^_^ 
Simulaton start  at : 2023-09-15 10:31:40
Simulaton finish at : 2023-09-15 10:31:41
----------------------------------------------------------
----------------------------------------------------------
Pattern: test_case Begin time : 2023-09-15 10:31:49
Pattern: test_case End time : 2023-09-15 10:31:49
Pattern : test_case Status : ^_^     PASS    ^_^ 
Simulaton start  at : 2023-09-15 10:31:48
Simulaton finish at : 2023-09-15 10:31:49
----------------------------------------------------------
