This is XeTeX, Version 3.141592653-2.6-0.999993 (TeX Live 2022/dev/Debian) (preloaded format=xelatex 2023.3.1)  25 SEP 2023 12:57
entering extended mode
 restricted \write18 enabled.
 %&-line parsing enabled.
**jwq40260.tex
(./jwq40260.tex
LaTeX2e <2021-11-15> patch level 1
L3 programming layer <2022-01-21> (./sphinxmanual.cls
Document Class: sphinxmanual 2019/12/01 v2.3.0 Document class (Sphinx manual)
(/usr/share/texlive/texmf-dist/tex/latex/base/report.cls
Document Class: report 2021/10/04 v1.4n Standard LaTeX document class
(/usr/share/texlive/texmf-dist/tex/latex/base/size10.clo
File: size10.clo 2021/10/04 v1.4n Standard LaTeX file (size option)
)
\c@part=\count181
\c@chapter=\count182
\c@section=\count183
\c@subsection=\count184
\c@subsubsection=\count185
\c@paragraph=\count186
\c@subparagraph=\count187
\c@figure=\count188
\c@table=\count189
\abovecaptionskip=\skip47
\belowcaptionskip=\skip48
\bibindent=\dimen138
)
LaTeX Info: Redefining \and on input line 35.
)
\sphinxpxdimen=\dimen139

(/usr/share/texlive/texmf-dist/tex/latex/cmap/cmap.sty
Package: cmap 2021/02/06 v1.0j CMap support: searchable PDF


Package cmap Warning: pdftex not detected - exiting.

) (/usr/share/texlive/texmf-dist/tex/xelatex/xecjk/xeCJK.sty
(/usr/share/texlive/texmf-dist/tex/latex/l3kernel/expl3.sty
Package: expl3 2022-01-21 L3 programming layer (loader) 

(/usr/share/texlive/texmf-dist/tex/latex/l3backend/l3backend-xetex.def
File: l3backend-xetex.def 2022-01-12 L3 backend support: XeTeX

(|extractbb --version)
\c__kernel_sys_dvipdfmx_version_int=\count190
\l__color_backend_stack_int=\count191
\g__color_backend_stack_int=\count192
\g__graphics_track_int=\count193
\l__pdf_internal_box=\box50
\g__pdf_backend_object_int=\count194
\g__pdf_backend_annotation_int=\count195
\g__pdf_backend_link_int=\count196
))
Package: xeCJK 2021/12/12 v3.8.8 Typesetting CJK scripts with XeLaTeX

(/usr/share/texlive/texmf-dist/tex/latex/ctex/ctexhook.sty
Package: ctexhook 2021/12/12 v2.5.8 Document and package hooks (CTEX)
)
(/usr/share/texlive/texmf-dist/tex/latex/l3packages/l3keys2e/l3keys2e.sty
Package: l3keys2e 2022-01-12 LaTeX2e option processing using LaTeX3 keys
)
(/usr/share/texlive/texmf-dist/tex/latex/l3packages/xtemplate/xtemplate.sty
Package: xtemplate 2022-01-12 L3 Experimental prototype document functions
\l__xtemplate_tmp_dim=\dimen140
\l__xtemplate_tmp_int=\count197
\l__xtemplate_tmp_muskip=\muskip16
\l__xtemplate_tmp_skip=\skip49
)
(/usr/share/texlive/texmf-dist/tex/latex/l3packages/xparse/xparse.sty
Package: xparse 2022-01-12 L3 Experimental document command parser
)
\l__xeCJK_tmp_int=\count198
\l__xeCJK_tmp_box=\box51
\l__xeCJK_tmp_dim=\dimen141
\l__xeCJK_tmp_skip=\skip50
\g__xeCJK_space_factor_int=\count199
\l__xeCJK_begin_int=\count266
\l__xeCJK_end_int=\count267
\c__xeCJK_CJK_class_int=\XeTeXcharclass1
\c__xeCJK_FullLeft_class_int=\XeTeXcharclass2
\c__xeCJK_FullRight_class_int=\XeTeXcharclass3
\c__xeCJK_HalfLeft_class_int=\XeTeXcharclass4
\c__xeCJK_HalfRight_class_int=\XeTeXcharclass5
\c__xeCJK_NormalSpace_class_int=\XeTeXcharclass6
\c__xeCJK_CM_class_int=\XeTeXcharclass7
\c__xeCJK_HangulJamo_class_int=\XeTeXcharclass8
\l__xeCJK_last_skip=\skip51
\g__xeCJK_node_int=\count268
\c__xeCJK_CJK_node_dim=\dimen142
\c__xeCJK_CJK-space_node_dim=\dimen143
\c__xeCJK_default_node_dim=\dimen144
\c__xeCJK_default-space_node_dim=\dimen145
\c__xeCJK_CJK-widow_node_dim=\dimen146
\c__xeCJK_normalspace_node_dim=\dimen147
\l__xeCJK_ccglue_skip=\skip52
\l__xeCJK_ecglue_skip=\skip53
\l__xeCJK_punct_kern_skip=\skip54
\l__xeCJK_last_penalty_int=\count269
\l__xeCJK_last_bound_dim=\dimen148
\l__xeCJK_last_kern_dim=\dimen149
\l__xeCJK_widow_penalty_int=\count270

Package xtemplate Info: Declaring object type 'xeCJK/punctuation' taking 0
(xtemplate)             argument(s) on line 2337.

\l__xeCJK_fixed_punct_width_dim=\dimen150
\l__xeCJK_mixed_punct_width_dim=\dimen151
\l__xeCJK_middle_punct_width_dim=\dimen152
\l__xeCJK_fixed_margin_width_dim=\dimen153
\l__xeCJK_mixed_margin_width_dim=\dimen154
\l__xeCJK_middle_margin_width_dim=\dimen155
\l__xeCJK_bound_punct_width_dim=\dimen156
\l__xeCJK_bound_margin_width_dim=\dimen157
\l__xeCJK_margin_minimum_dim=\dimen158
\l__xeCJK_kerning_total_width_dim=\dimen159
\l__xeCJK_same_align_margin_dim=\dimen160
\l__xeCJK_different_align_margin_dim=\dimen161
\l__xeCJK_kerning_margin_width_dim=\dimen162
\l__xeCJK_kerning_margin_minimum_dim=\dimen163
\l__xeCJK_bound_dim=\dimen164
\l__xeCJK_reverse_bound_dim=\dimen165
\l__xeCJK_margin_dim=\dimen166
\l__xeCJK_minimum_bound_dim=\dimen167
\l__xeCJK_kerning_margin_dim=\dimen168
\g__xeCJK_family_int=\count271
\l__xeCJK_fam_int=\count272
\g__xeCJK_fam_allocation_int=\count273
\l__xeCJK_verb_case_int=\count274
\l__xeCJK_verb_exspace_skip=\skip55

(/usr/share/texlive/texmf-dist/tex/latex/fontspec/fontspec.sty
Package: fontspec 2022/01/15 v2.8a Font selection for XeLaTeX and LuaLaTeX

(/usr/share/texlive/texmf-dist/tex/latex/fontspec/fontspec-xetex.sty
Package: fontspec-xetex 2022/01/15 v2.8a Font selection for XeLaTeX and LuaLaTe
X
\l__fontspec_script_int=\count275
\l__fontspec_language_int=\count276
\l__fontspec_strnum_int=\count277
\l__fontspec_tmp_int=\count278
\l__fontspec_tmpa_int=\count279
\l__fontspec_tmpb_int=\count280
\l__fontspec_tmpc_int=\count281
\l__fontspec_em_int=\count282
\l__fontspec_emdef_int=\count283
\l__fontspec_strong_int=\count284
\l__fontspec_strongdef_int=\count285
\l__fontspec_tmpa_dim=\dimen169
\l__fontspec_tmpb_dim=\dimen170
\l__fontspec_tmpc_dim=\dimen171

(/usr/share/texlive/texmf-dist/tex/latex/base/fontenc.sty
Package: fontenc 2021/04/29 v2.0v Standard LaTeX package
)
(/usr/share/texlive/texmf-dist/tex/latex/fontspec/fontspec.cfg)))
(/usr/share/texlive/texmf-dist/tex/xelatex/xecjk/xeCJK.cfg
File: xeCJK.cfg 2021/12/12 v3.8.8 Configuration file for xeCJK package
))
(/usr/share/texlive/texmf-dist/tex/latex/amsmath/amsmath.sty
Package: amsmath 2021/10/15 v2.17l AMS math features
\@mathmargin=\skip56

For additional information on amsmath, use the `?' option.
(/usr/share/texlive/texmf-dist/tex/latex/amsmath/amstext.sty
Package: amstext 2021/08/26 v2.01 AMS text

(/usr/share/texlive/texmf-dist/tex/latex/amsmath/amsgen.sty
File: amsgen.sty 1999/11/30 v2.0 generic functions
\@emptytoks=\toks16
\ex@=\dimen172
))
(/usr/share/texlive/texmf-dist/tex/latex/amsmath/amsbsy.sty
Package: amsbsy 1999/11/29 v1.2d Bold Symbols
\pmbraise@=\dimen173
)
(/usr/share/texlive/texmf-dist/tex/latex/amsmath/amsopn.sty
Package: amsopn 2021/08/26 v2.02 operator names
)
\inf@bad=\count286
LaTeX Info: Redefining \frac on input line 234.
\uproot@=\count287
\leftroot@=\count288
LaTeX Info: Redefining \overline on input line 399.
\classnum@=\count289
\DOTSCASE@=\count290
LaTeX Info: Redefining \ldots on input line 496.
LaTeX Info: Redefining \dots on input line 499.
LaTeX Info: Redefining \cdots on input line 620.
\Mathstrutbox@=\box52
\strutbox@=\box53
\big@size=\dimen174
LaTeX Font Info:    Redeclaring font encoding OML on input line 743.
LaTeX Font Info:    Redeclaring font encoding OMS on input line 744.
\macc@depth=\count291
\c@MaxMatrixCols=\count292
\dotsspace@=\muskip17
\c@parentequation=\count293
\dspbrk@lvl=\count294
\tag@help=\toks17
\row@=\count295
\column@=\count296
\maxfields@=\count297
\andhelp@=\toks18
\eqnshift@=\dimen175
\alignsep@=\dimen176
\tagshift@=\dimen177
\tagwidth@=\dimen178
\totwidth@=\dimen179
\lineht@=\dimen180
\@envbody=\toks19
\multlinegap=\skip57
\multlinetaggap=\skip58
\mathdisplay@stack=\toks20
LaTeX Info: Redefining \[ on input line 2938.
LaTeX Info: Redefining \] on input line 2939.
)
(/usr/share/texlive/texmf-dist/tex/latex/amsfonts/amssymb.sty
Package: amssymb 2013/01/14 v3.01 AMS font symbols

(/usr/share/texlive/texmf-dist/tex/latex/amsfonts/amsfonts.sty
Package: amsfonts 2013/01/14 v3.01 Basic AMSFonts support
\symAMSa=\mathgroup4
\symAMSb=\mathgroup5
LaTeX Font Info:    Redeclaring math symbol \hbar on input line 98.
LaTeX Font Info:    Overwriting math alphabet `\mathfrak' in version `bold'
(Font)                  U/euf/m/n --> U/euf/b/n on input line 106.
))
(/usr/share/texlive/texmf-dist/tex/generic/babel/babel.sty
Package: babel 2022/01/26 3.70 The Babel package
\babel@savecnt=\count298
\U@D=\dimen181
\l@unhyphenated=\language87

(/usr/share/texlive/texmf-dist/tex/generic/babel/xebabel.def
(/usr/share/texlive/texmf-dist/tex/generic/babel/txtbabel.def))
\bbl@readstream=\read2
\bbl@dirlevel=\count299

(/usr/share/texlive/texmf-dist/tex/generic/babel-english/english.ldf
Language: english 2017/06/06 v3.3r English support from the babel system
Package babel Info: Hyphen rules for 'canadian' set to \l@english
(babel)             (\language0). Reported on input line 102.
Package babel Info: Hyphen rules for 'australian' set to \l@ukenglish
(babel)             (\language18). Reported on input line 105.
Package babel Info: Hyphen rules for 'newzealand' set to \l@ukenglish
(babel)             (\language18). Reported on input line 108.
))

Package fontspec Info: Font family 'FreeSerif(0)' created for font 'FreeSerif'
(fontspec)             with options [Ligatures=TeX,Extension =
(fontspec)             .otf,UprightFont = *,ItalicFont = *Italic,BoldFont =
(fontspec)             *Bold,BoldItalicFont = *BoldItalic].
(fontspec)              
(fontspec)              This font family consists of the following NFSS
(fontspec)             series/shapes:
(fontspec)              
(fontspec)             - 'normal' (m/n) with NFSS spec.:
(fontspec)             <->"[FreeSerif.otf]/OT:script=latn;language=dflt;mapping
=tex-text;"
(fontspec)             - 'small caps'  (m/sc) with NFSS spec.:
(fontspec)             <->"[FreeSerif.otf]/OT:script=latn;language=dflt;+smcp;m
apping=tex-text;"
(fontspec)             - 'bold' (b/n) with NFSS spec.:
(fontspec)             <->"[FreeSerifBold.otf]/OT:script=latn;language=dflt;map
ping=tex-text;"
(fontspec)             - 'bold small caps'  (b/sc) with NFSS spec.:
(fontspec)             <->"[FreeSerifBold.otf]/OT:script=latn;language=dflt;+sm
cp;mapping=tex-text;"
(fontspec)             - 'italic' (m/it) with NFSS spec.:
(fontspec)             <->"[FreeSerifItalic.otf]/OT:script=latn;language=dflt;m
apping=tex-text;"
(fontspec)             - 'italic small caps'  (m/scit) with NFSS spec.: 
(fontspec)             - 'bold italic' (b/it) with NFSS spec.:
(fontspec)             <->"[FreeSerifBoldItalic.otf]/OT:script=latn;language=df
lt;mapping=tex-text;"
(fontspec)             - 'bold italic small caps'  (b/scit) with NFSS spec.: 


Package fontspec Info: Font family 'FreeSans(0)' created for font 'FreeSans'
(fontspec)             with options [Ligatures=TeX,Extension =
(fontspec)             .otf,UprightFont = *,ItalicFont = *Oblique,BoldFont =
(fontspec)             *Bold,BoldItalicFont = *BoldOblique].
(fontspec)              
(fontspec)              This font family consists of the following NFSS
(fontspec)             series/shapes:
(fontspec)              
(fontspec)             - 'normal' (m/n) with NFSS spec.:
(fontspec)             <->"[FreeSans.otf]/OT:script=latn;language=dflt;mapping=
tex-text;"
(fontspec)             - 'small caps'  (m/sc) with NFSS spec.:
(fontspec)             <->"[FreeSans.otf]/OT:script=latn;language=dflt;+smcp;ma
pping=tex-text;"
(fontspec)             - 'bold' (b/n) with NFSS spec.:
(fontspec)             <->"[FreeSansBold.otf]/OT:script=latn;language=dflt;mapp
ing=tex-text;"
(fontspec)             - 'bold small caps'  (b/sc) with NFSS spec.:
(fontspec)             <->"[FreeSansBold.otf]/OT:script=latn;language=dflt;+smc
p;mapping=tex-text;"
(fontspec)             - 'italic' (m/it) with NFSS spec.:
(fontspec)             <->"[FreeSansOblique.otf]/OT:script=latn;language=dflt;m
apping=tex-text;"
(fontspec)             - 'italic small caps'  (m/scit) with NFSS spec.: 
(fontspec)             - 'bold italic' (b/it) with NFSS spec.:
(fontspec)             <->"[FreeSansBoldOblique.otf]/OT:script=latn;language=df
lt;mapping=tex-text;"
(fontspec)             - 'bold italic small caps'  (b/scit) with NFSS spec.: 


Package fontspec Info: Font family 'FreeMono(0)' created for font 'FreeMono'
(fontspec)             with options
(fontspec)             [WordSpace={1,0,0},HyphenChar=None,PunctuationSpace=Word
Space,Extension
(fontspec)             = .otf,UprightFont = *,ItalicFont = *Oblique,BoldFont =
(fontspec)             *Bold,BoldItalicFont = *BoldOblique].
(fontspec)              
(fontspec)              This font family consists of the following NFSS
(fontspec)             series/shapes:
(fontspec)              
(fontspec)             - 'normal' (m/n) with NFSS spec.:
(fontspec)             <->"[FreeMono.otf]/OT:script=latn;language=dflt;"
(fontspec)             - 'small caps'  (m/sc) with NFSS spec.: 
(fontspec)             and font adjustment code:
(fontspec)             \fontdimen 2\font =1\fontdimen 2\font \fontdimen 3\font
(fontspec)             =0\fontdimen 3\font \fontdimen 4\font =0\fontdimen
(fontspec)             4\font \fontdimen 7\font =0\fontdimen 2\font
(fontspec)             \tex_hyphenchar:D \font =-1\scan_stop: 
(fontspec)             - 'bold' (b/n) with NFSS spec.:
(fontspec)             <->"[FreeMonoBold.otf]/OT:script=latn;language=dflt;"
(fontspec)             - 'bold small caps'  (b/sc) with NFSS spec.: 
(fontspec)             and font adjustment code:
(fontspec)             \fontdimen 2\font =1\fontdimen 2\font \fontdimen 3\font
(fontspec)             =0\fontdimen 3\font \fontdimen 4\font =0\fontdimen
(fontspec)             4\font \fontdimen 7\font =0\fontdimen 2\font
(fontspec)             \tex_hyphenchar:D \font =-1\scan_stop: 
(fontspec)             - 'italic' (m/it) with NFSS spec.:
(fontspec)             <->"[FreeMonoOblique.otf]/OT:script=latn;language=dflt;"

(fontspec)             - 'italic small caps'  (m/scit) with NFSS spec.: 
(fontspec)             and font adjustment code:
(fontspec)             \fontdimen 2\font =1\fontdimen 2\font \fontdimen 3\font
(fontspec)             =0\fontdimen 3\font \fontdimen 4\font =0\fontdimen
(fontspec)             4\font \fontdimen 7\font =0\fontdimen 2\font
(fontspec)             \tex_hyphenchar:D \font =-1\scan_stop: 
(fontspec)             - 'bold italic' (b/it) with NFSS spec.:
(fontspec)             <->"[FreeMonoBoldOblique.otf]/OT:script=latn;language=df
lt;"
(fontspec)             - 'bold italic small caps'  (b/scit) with NFSS spec.: 
(fontspec)             and font adjustment code:
(fontspec)             \fontdimen 2\font =1\fontdimen 2\font \fontdimen 3\font
(fontspec)             =0\fontdimen 3\font \fontdimen 4\font =0\fontdimen
(fontspec)             4\font \fontdimen 7\font =0\fontdimen 2\font
(fontspec)             \tex_hyphenchar:D \font =-1\scan_stop: 


(/usr/share/texlive/texmf-dist/tex/latex/fncychap/fncychap.sty
Package: fncychap 2007/07/30 v1.34 LaTeX package (Revised chapters)
\RW=\skip59
\mylen=\skip60
\myhi=\skip61
\px=\skip62
\py=\skip63
\pyy=\skip64
\pxx=\skip65
) (./sphinx.sty
Package: sphinx 2023/01/06 v6.1.2 LaTeX package (Sphinx markup)

(/usr/share/texlive/texmf-dist/tex/generic/ltxcmds/ltxcmds.sty
Package: ltxcmds 2020-05-10 v1.25 LaTeX kernel commands for general use (HO)
)
(/usr/share/texlive/texmf-dist/tex/latex/xcolor/xcolor.sty
Package: xcolor 2021/10/31 v2.13 LaTeX color extensions (UK)

(/usr/share/texlive/texmf-dist/tex/latex/graphics-cfg/color.cfg
File: color.cfg 2016/01/02 v1.6 sample color configuration
)
Package xcolor Info: Driver file: xetex.def on input line 227.

(/usr/share/texlive/texmf-dist/tex/latex/graphics-def/xetex.def
File: xetex.def 2021/03/18 v5.0k Graphics/color driver for xetex
)
Package xcolor Info: Model `cmy' substituted by `cmy0' on input line 1352.
Package xcolor Info: Model `RGB' extended on input line 1368.
Package xcolor Info: Model `HTML' substituted by `rgb' on input line 1370.
Package xcolor Info: Model `Hsb' substituted by `hsb' on input line 1371.
Package xcolor Info: Model `tHsb' substituted by `hsb' on input line 1372.
Package xcolor Info: Model `HSB' substituted by `hsb' on input line 1373.
Package xcolor Info: Model `Gray' substituted by `gray' on input line 1374.
Package xcolor Info: Model `wave' substituted by `hsb' on input line 1375.

(/usr/share/texlive/texmf-dist/tex/latex/graphics/dvipsnam.def
File: dvipsnam.def 2016/06/17 v3.0m Driver-dependent file (DPC,SPQR)
))
(/usr/share/texlive/texmf-dist/tex/latex/kvoptions/kvoptions.sty
Package: kvoptions 2020-10-07 v3.14 Key value format for package options (HO)

(/usr/share/texlive/texmf-dist/tex/latex/graphics/keyval.sty
Package: keyval 2014/10/28 v1.15 key=value parser (DPC)
\KV@toks@=\toks21
)
(/usr/share/texlive/texmf-dist/tex/generic/kvsetkeys/kvsetkeys.sty
Package: kvsetkeys 2019/12/15 v1.18 Key value parser (HO)
))
\sphinxverbatimsep=\dimen182
\sphinxverbatimborder=\dimen183
\sphinxshadowsep=\dimen184
\sphinxshadowsize=\dimen185
\sphinxshadowrule=\dimen186
\spx@notice@border=\dimen187

(./sphinxoptionshyperref.sty
File: sphinxoptionshyperref.sty 2021/01/27 hyperref
) (./sphinxoptionsgeometry.sty
File: sphinxoptionsgeometry.sty 2021/01/27 geometry
)
(/usr/share/texlive/texmf-dist/tex/latex/base/textcomp.sty
Package: textcomp 2020/02/02 v2.0n Standard LaTeX package
)
(/usr/share/texlive/texmf-dist/tex/latex/float/float.sty
Package: float 2001/11/08 v1.3d Float enhancements (AL)
\c@float@type=\count300
\float@exts=\toks22
\float@box=\box54
\@float@everytoks=\toks23
\@floatcapt=\box55
)
(/usr/share/texlive/texmf-dist/tex/latex/wrapfig/wrapfig.sty
\wrapoverhang=\dimen188
\WF@size=\dimen189
\c@WF@wrappedlines=\count301
\WF@box=\box56
\WF@everypar=\toks24
Package: wrapfig 2003/01/31  v 3.6
)
(/usr/share/texlive/texmf-dist/tex/latex/capt-of/capt-of.sty
Package: capt-of 2009/12/29 v0.2 standard captions outside of floats
)
(/usr/share/texlive/texmf-dist/tex/latex/tools/multicol.sty
Package: multicol 2021/10/28 v1.9b multicolumn formatting (FMi)
\c@tracingmulticols=\count302
\mult@box=\box57
\multicol@leftmargin=\dimen190
\c@unbalance=\count303
\c@collectmore=\count304
\doublecol@number=\count305
\multicoltolerance=\count306
\multicolpretolerance=\count307
\full@width=\dimen191
\page@free=\dimen192
\premulticols=\dimen193
\postmulticols=\dimen194
\multicolsep=\skip66
\multicolbaselineskip=\skip67
\partial@page=\box58
\last@line=\box59
\maxbalancingoverflow=\dimen195
\mult@rightbox=\box60
\mult@grightbox=\box61
\mult@firstbox=\box62
\mult@gfirstbox=\box63
\@tempa=\box64
\@tempa=\box65
\@tempa=\box66
\@tempa=\box67
\@tempa=\box68
\@tempa=\box69
\@tempa=\box70
\@tempa=\box71
\@tempa=\box72
\@tempa=\box73
\@tempa=\box74
\@tempa=\box75
\@tempa=\box76
\@tempa=\box77
\@tempa=\box78
\@tempa=\box79
\@tempa=\box80
\@tempa=\box81
\@tempa=\box82
\@tempa=\box83
\@tempa=\box84
\@tempa=\box85
\@tempa=\box86
\@tempa=\box87
\@tempa=\box88
\@tempa=\box89
\@tempa=\box90
\@tempa=\box91
\@tempa=\box92
\@tempa=\box93
\@tempa=\box94
\@tempa=\box95
\@tempa=\box96
\@tempa=\box97
\@tempa=\box98
\@tempa=\box99
\c@minrows=\count308
\c@columnbadness=\count309
\c@finalcolumnbadness=\count310
\last@try=\dimen196
\multicolovershoot=\dimen197
\multicolundershoot=\dimen198
\mult@nat@firstbox=\box100
\colbreak@box=\box101
\mc@col@check@num=\count311
)
(/usr/share/texlive/texmf-dist/tex/latex/graphics/graphicx.sty
Package: graphicx 2021/09/16 v1.2d Enhanced LaTeX Graphics (DPC,SPQR)

(/usr/share/texlive/texmf-dist/tex/latex/graphics/graphics.sty
Package: graphics 2021/03/04 v1.4d Standard LaTeX Graphics (DPC,SPQR)

(/usr/share/texlive/texmf-dist/tex/latex/graphics/trig.sty
Package: trig 2021/08/11 v1.11 sin cos tan (DPC)
)
(/usr/share/texlive/texmf-dist/tex/latex/graphics-cfg/graphics.cfg
File: graphics.cfg 2016/06/04 v1.11 sample graphics configuration
)
Package graphics Info: Driver file: xetex.def on input line 107.
)
\Gin@req@height=\dimen199
\Gin@req@width=\dimen256
)
(./sphinxlatexgraphics.sty
File: sphinxlatexgraphics.sty 2021/01/27 graphics
\spx@image@maxheight=\dimen257
\spx@image@box=\box102
) (./sphinxpackageboxes.sty
Package: sphinxpackageboxes 2022/07/04 v5.1.0 advanced colored boxes
\spx@tempboxa=\box103
\spx@tempboxb=\box104
\spx@boxes@border=\dimen258
\spx@boxes@border@top=\dimen259
\spx@boxes@border@right=\dimen260
\spx@boxes@border@bottom=\dimen261
\spx@boxes@border@left=\dimen262
\spx@boxes@padding@top=\dimen263
\spx@boxes@padding@right=\dimen264
\spx@boxes@padding@bottom=\dimen265
\spx@boxes@padding@left=\dimen266
\spx@boxes@shadow@xoffset=\dimen267
\spx@boxes@shadow@yoffset=\dimen268
\spx@boxes@radius@topleft=\dimen269
\spx@boxes@radius@topright=\dimen270
\spx@boxes@radius@bottomright=\dimen271
\spx@boxes@radius@bottomleft=\dimen272
)
(./sphinxlatexadmonitions.sty
File: sphinxlatexadmonitions.sty 2023/01/03 admonitions

(/usr/share/texlive/texmf-dist/tex/latex/framed/framed.sty
Package: framed 2011/10/22 v 0.96: framed or shaded text with page breaks
\OuterFrameSep=\skip68
\fb@frw=\dimen273
\fb@frh=\dimen274
\FrameRule=\dimen275
\FrameSep=\dimen276
))
(./sphinxlatexliterals.sty
File: sphinxlatexliterals.sty 2022/07/29 code-blocks and parsed literals

(/usr/share/texlive/texmf-dist/tex/latex/fancyvrb/fancyvrb.sty
Package: fancyvrb 2021/12/21 4.1b verbatim text (tvz,hv)
\FV@CodeLineNo=\count312
\FV@InFile=\read3
\FV@TabBox=\box105
\c@FancyVerbLine=\count313
\FV@StepNumber=\count314
\FV@OutFile=\write3
)
(/usr/share/texlive/texmf-dist/tex/latex/base/alltt.sty
Package: alltt 2021/01/29 v2.0g defines alltt environment
)
(/usr/share/texlive/texmf-dist/tex/latex/upquote/upquote.sty
Package: upquote 2012/04/19 v1.3 upright-quote and grave-accent glyphs in verba
tim
)
(/usr/share/texlive/texmf-dist/tex/latex/needspace/needspace.sty
Package: needspace 2010/09/12 v1.3d reserve vertical space
)
\sphinxcontinuationbox=\box106
\sphinxvisiblespacebox=\box107
\sphinxVerbatim@TitleBox=\box108
\sphinxVerbatim@ContentsBox=\box109
)
(./sphinxlatexshadowbox.sty
File: sphinxlatexshadowbox.sty 2023/01/06 sphinxShadowBox
) (./sphinxlatexcontainers.sty
File: sphinxlatexcontainers.sty 2021/05/03 containers
)
(./sphinxhighlight.sty
Package: sphinxhighlight 2022/06/30 stylesheet for highlighting with pygments
) (./sphinxlatextables.sty
File: sphinxlatextables.sty 2022/08/15 tables

(/usr/share/texlive/texmf-dist/tex/latex/tabulary/tabulary.sty
Package: tabulary 2014/06/11 v0.10 tabulary package (DPC)

(/usr/share/texlive/texmf-dist/tex/latex/tools/array.sty
Package: array 2021/10/04 v2.5f Tabular extension package (FMi)
\col@sep=\dimen277
\ar@mcellbox=\box110
\extrarowheight=\dimen278
\NC@list=\toks25
\extratabsurround=\skip69
\backup@length=\skip70
\ar@cellbox=\box111
)
\TY@count=\count315
\TY@linewidth=\dimen279
\tymin=\dimen280
\tymax=\dimen281
\TY@tablewidth=\dimen282
)
(/usr/share/texlive/texmf-dist/tex/latex/tools/longtable.sty
Package: longtable 2021-09-01 v4.17 Multi-page Table package (DPC)
\LTleft=\skip71
\LTright=\skip72
\LTpre=\skip73
\LTpost=\skip74
\LTchunksize=\count316
\LTcapwidth=\dimen283
\LT@head=\box112
\LT@firsthead=\box113
\LT@foot=\box114
\LT@lastfoot=\box115
\LT@gbox=\box116
\LT@cols=\count317
\LT@rows=\count318
\c@LT@tables=\count319
\c@LT@chunks=\count320
\LT@p@ftn=\toks26
)
(/usr/share/texlive/texmf-dist/tex/latex/varwidth/varwidth.sty
Package: varwidth 2009/03/30 ver 0.92;  Variable-width minipages
\@vwid@box=\box117
\sift@deathcycles=\count321
\@vwid@loff=\dimen284
\@vwid@roff=\dimen285
)
\sphinx@TY@tablewidth=\dimen286

(/usr/share/texlive/texmf-dist/tex/latex/colortbl/colortbl.sty
Package: colortbl 2020/01/04 v1.0e Color table columns (DPC)
\everycr=\toks27
\minrowclearance=\skip75
)
\rownum=\count322

(/usr/share/texlive/texmf-dist/tex/latex/booktabs/booktabs.sty
Package: booktabs 2020/01/12 v1.61803398 Publication quality tables
\heavyrulewidth=\dimen287
\lightrulewidth=\dimen288
\cmidrulewidth=\dimen289
\belowrulesep=\dimen290
\belowbottomsep=\dimen291
\aboverulesep=\dimen292
\abovetopsep=\dimen293
\cmidrulesep=\dimen294
\cmidrulekern=\dimen295
\defaultaddspace=\dimen296
\@cmidla=\count323
\@cmidlb=\count324
\@aboverulesep=\dimen297
\@belowrulesep=\dimen298
\@thisruleclass=\count325
\@lastruleclass=\count326
\@thisrulewidth=\dimen299
))
(./sphinxlatexnumfig.sty
File: sphinxlatexnumfig.sty 2021/01/27 numbering
) (./sphinxlatexlists.sty
File: sphinxlatexlists.sty 2021/12/20 lists
\spx@lineitemlabel=\toks28
)
\c@sphinxscope=\count327
 (./sphinxpackagefootnote.sty
Package: sphinxpackagefootnote 2022/08/15 v5.3.0 Sphinx custom footnotehyper pa
ckage (Sphinx team)
\FNH@notes=\box118
\FNH@toks=\toks29
\FNH@width=\dimen300
\c@sphinxfootnotemark=\count328
) (./sphinxlatexindbibtoc.sty
File: sphinxlatexindbibtoc.sty 2021/01/27 index, bib., toc

(/usr/share/texlive/texmf-dist/tex/latex/base/makeidx.sty
Package: makeidx 2021/10/04 v1.0m Standard LaTeX package
))
(./sphinxlatexstylepage.sty
File: sphinxlatexstylepage.sty 2021/01/27 page styling

(/usr/share/texlive/texmf-dist/tex/latex/parskip/parskip.sty
Rollback for package 'parskip' requested -> version 'v1'.
         This corresponds to the release introduced on 2001-04-09.

(/usr/share/texlive/texmf-dist/tex/latex/parskip/parskip-2001-04-09.sty
Package: parskip 2001/04/09 non-zero parskip adjustments
))
(/usr/share/texlive/texmf-dist/tex/latex/fancyhdr/fancyhdr.sty
Package: fancyhdr 2021/01/28 v4.0.1 Extensive control of page headers and foote
rs
\f@nch@headwidth=\skip76
\f@nch@O@elh=\skip77
\f@nch@O@erh=\skip78
\f@nch@O@olh=\skip79
\f@nch@O@orh=\skip80
\f@nch@O@elf=\skip81
\f@nch@O@erf=\skip82
\f@nch@O@olf=\skip83
\f@nch@O@orf=\skip84
))
(./sphinxlatexstyleheadings.sty
File: sphinxlatexstyleheadings.sty 2022/08/15 headings

(/usr/share/texlive/texmf-dist/tex/latex/titlesec/titlesec.sty
Package: titlesec 2021/07/05 v2.14 Sectioning titles
\ttl@box=\box119
\beforetitleunit=\skip85
\aftertitleunit=\skip86
\ttl@plus=\dimen301
\ttl@minus=\dimen302
\ttl@toksa=\toks30
\titlewidth=\dimen303
\titlewidthlast=\dimen304
\titlewidthfirst=\dimen305
))
(./sphinxlatexstyletext.sty
File: sphinxlatexstyletext.sty 2022/07/02 text styling
) (./sphinxlatexobjects.sty
File: sphinxlatexobjects.sty 2022/01/13 documentation environments
\sphinxsignaturesep=\skip87
\py@argswidth=\skip88
\lineblockindentation=\skip89
\DUlineblockindent=\skip90
))
(/usr/share/texlive/texmf-dist/tex/latex/geometry/geometry.sty
Package: geometry 2020/01/02 v5.9 Page Geometry

(/usr/share/texlive/texmf-dist/tex/generic/iftex/ifvtex.sty
Package: ifvtex 2019/10/25 v1.7 ifvtex legacy package. Use iftex instead.

(/usr/share/texlive/texmf-dist/tex/generic/iftex/iftex.sty
Package: iftex 2020/03/06 v1.0d TeX engine tests
))
\Gm@cnth=\count329
\Gm@cntv=\count330
\c@Gm@tempcnt=\count331
\Gm@bindingoffset=\dimen306
\Gm@wd@mp=\dimen307
\Gm@odd@mp=\dimen308
\Gm@even@mp=\dimen309
\Gm@layoutwidth=\dimen310
\Gm@layoutheight=\dimen311
\Gm@layouthoffset=\dimen312
\Gm@layoutvoffset=\dimen313
\Gm@dimlist=\toks31
)
(/usr/share/texlive/texmf-dist/tex/latex/hyperref/hyperref.sty
Package: hyperref 2021-06-07 v7.00m Hypertext links for LaTeX

(/usr/share/texlive/texmf-dist/tex/generic/pdftexcmds/pdftexcmds.sty
Package: pdftexcmds 2020-06-27 v0.33 Utility functions of pdfTeX for LuaTeX (HO
)

(/usr/share/texlive/texmf-dist/tex/generic/infwarerr/infwarerr.sty
Package: infwarerr 2019/12/03 v1.5 Providing info/warning/error messages (HO)
)
Package pdftexcmds Info: \pdf@primitive is available.
Package pdftexcmds Info: \pdf@ifprimitive is available.
Package pdftexcmds Info: \pdfdraftmode not found.
)
(/usr/share/texlive/texmf-dist/tex/generic/kvdefinekeys/kvdefinekeys.sty
Package: kvdefinekeys 2019-12-19 v1.6 Define keys (HO)
)
(/usr/share/texlive/texmf-dist/tex/generic/pdfescape/pdfescape.sty
Package: pdfescape 2019/12/09 v1.15 Implements pdfTeX's escape features (HO)
)
(/usr/share/texlive/texmf-dist/tex/latex/hycolor/hycolor.sty
Package: hycolor 2020-01-27 v1.10 Color options for hyperref/bookmark (HO)
)
(/usr/share/texlive/texmf-dist/tex/latex/letltxmacro/letltxmacro.sty
Package: letltxmacro 2019/12/03 v1.6 Let assignment for LaTeX macros (HO)
)
(/usr/share/texlive/texmf-dist/tex/latex/auxhook/auxhook.sty
Package: auxhook 2019-12-17 v1.6 Hooks for auxiliary files (HO)
)
\@linkdim=\dimen314
\Hy@linkcounter=\count332
\Hy@pagecounter=\count333

(/usr/share/texlive/texmf-dist/tex/latex/hyperref/pd1enc.def
File: pd1enc.def 2021-06-07 v7.00m Hyperref: PDFDocEncoding definition (HO)
)
(/usr/share/texlive/texmf-dist/tex/latex/hyperref/hyperref-langpatches.def
File: hyperref-langpatches.def 2021-06-07 v7.00m Hyperref: patches for babel la
nguages
)
(/usr/share/texlive/texmf-dist/tex/generic/intcalc/intcalc.sty
Package: intcalc 2019/12/15 v1.3 Expandable calculations with integers (HO)
)
(/usr/share/texlive/texmf-dist/tex/generic/etexcmds/etexcmds.sty
Package: etexcmds 2019/12/15 v1.7 Avoid name clashes with e-TeX commands (HO)
)
\Hy@SavedSpaceFactor=\count334

(/usr/share/texlive/texmf-dist/tex/latex/hyperref/puenc.def
File: puenc.def 2021-06-07 v7.00m Hyperref: PDF Unicode definition (HO)
)
Package hyperref Info: Option `hyperindex' set `false' on input line 4073.
Package hyperref Info: Option `unicode' set `true' on input line 4073.
Package hyperref Info: Option `colorlinks' set `true' on input line 4073.
Package hyperref Info: Option `breaklinks' set `true' on input line 4073.
Package hyperref Info: Hyper figures OFF on input line 4192.
Package hyperref Info: Link nesting OFF on input line 4197.
Package hyperref Info: Hyper index OFF on input line 4202.
Package hyperref Info: Plain pages OFF on input line 4207.
Package hyperref Info: Backreferencing OFF on input line 4212.
Package hyperref Info: Implicit mode ON; LaTeX internals redefined.
Package hyperref Info: Bookmarks ON on input line 4445.
\c@Hy@tempcnt=\count335

(/usr/share/texlive/texmf-dist/tex/latex/url/url.sty
\Urlmuskip=\muskip18
Package: url 2013/09/16  ver 3.4  Verb mode for urls, etc.
)
LaTeX Info: Redefining \url on input line 4804.
\XeTeXLinkMargin=\dimen315

(/usr/share/texlive/texmf-dist/tex/generic/bitset/bitset.sty
Package: bitset 2019/12/09 v1.3 Handle bit-vector datatype (HO)

(/usr/share/texlive/texmf-dist/tex/generic/bigintcalc/bigintcalc.sty
Package: bigintcalc 2019/12/15 v1.5 Expandable calculations on big integers (HO
)
))
\Fld@menulength=\count336
\Field@Width=\dimen316
\Fld@charsize=\dimen317
Package hyperref Info: Hyper figures OFF on input line 6076.
Package hyperref Info: Link nesting OFF on input line 6081.
Package hyperref Info: Hyper index OFF on input line 6086.
Package hyperref Info: backreferencing OFF on input line 6091.
Package hyperref Info: Link coloring ON on input line 6094.
Package hyperref Info: Link coloring with OCG OFF on input line 6101.
Package hyperref Info: PDF/A mode OFF on input line 6106.
LaTeX Info: Redefining \ref on input line 6146.
LaTeX Info: Redefining \pageref on input line 6150.

(/usr/share/texlive/texmf-dist/tex/latex/base/atbegshi-ltx.sty
Package: atbegshi-ltx 2021/01/10 v1.0c Emulation of the original atbegshi
package with kernel methods
)
\Hy@abspage=\count337
\c@Item=\count338
\c@Hfootnote=\count339
)
Package hyperref Info: Driver (autodetected): hxetex.

(/usr/share/texlive/texmf-dist/tex/latex/hyperref/hxetex.def
File: hxetex.def 2021-06-07 v7.00m Hyperref driver for XeTeX

(/usr/share/texlive/texmf-dist/tex/generic/stringenc/stringenc.sty
Package: stringenc 2019/11/29 v1.12 Convert strings between diff. encodings (HO
)
)
\pdfm@box=\box120
\c@Hy@AnnotLevel=\count340
\HyField@AnnotCount=\count341
\Fld@listcount=\count342
\c@bookmark@seq@number=\count343

(/usr/share/texlive/texmf-dist/tex/latex/rerunfilecheck/rerunfilecheck.sty
Package: rerunfilecheck 2019/12/05 v1.9 Rerun checks for auxiliary files (HO)

(/usr/share/texlive/texmf-dist/tex/latex/base/atveryend-ltx.sty
Package: atveryend-ltx 2020/08/19 v1.0a Emulation of the original atveryend pac
kage
with kernel methods
)
(/usr/share/texlive/texmf-dist/tex/generic/uniquecounter/uniquecounter.sty
Package: uniquecounter 2019/12/15 v1.4 Provide unlimited unique counter (HO)
)
Package uniquecounter Info: New unique counter `rerunfilecheck' on input line 2
86.
)
\Hy@SectionHShift=\skip91
)
(/usr/share/texlive/texmf-dist/tex/latex/oberdiek/hypcap.sty
Package: hypcap 2016/05/16 v1.12 Adjusting the anchors of captions (HO)
)
(./sphinxmessages.sty
Package: sphinxmessages 2019/01/04 v2.0 Localized LaTeX macros (Sphinx team)
)
\@indexfile=\write4
\openout4 = `jwq40260.idx'.


Writing index file jwq40260.idx

Package xeCJK Warning: Fandol is being set as the default font for CJK text.
(xeCJK)                Please make sure it has been properly installed.


Package fontspec Warning: Font "FandolSong-Regular" does not contain requested
(fontspec)                Script "CJK".


Package fontspec Info: Font family 'FandolSong-Regular(0)' created for font
(fontspec)             'FandolSong-Regular' with options
(fontspec)             [Script={CJK},Extension={.otf},BoldFont={FandolSong-Bold
},ItalicFont={FandolKai-Regular}].
(fontspec)              
(fontspec)              This font family consists of the following NFSS
(fontspec)             series/shapes:
(fontspec)              
(fontspec)             - 'normal' (m/n) with NFSS spec.:
(fontspec)             <->"[FandolSong-Regular.otf]/OT:language=dflt;"
(fontspec)             - 'small caps'  (m/sc) with NFSS spec.: 
(fontspec)             - 'bold' (b/n) with NFSS spec.:
(fontspec)             <->"[FandolSong-Bold.otf]/OT:language=dflt;"
(fontspec)             - 'bold small caps'  (b/sc) with NFSS spec.: 
(fontspec)             - 'italic' (m/it) with NFSS spec.:
(fontspec)             <->"[FandolKai-Regular.otf]/OT:language=dflt;"
(fontspec)             - 'italic small caps'  (m/scit) with NFSS spec.: 

(./jwq40260.aux)
\openout1 = `jwq40260.aux'.

LaTeX Font Info:    Checking defaults for OML/cmm/m/it on input line 92.
LaTeX Font Info:    ... okay on input line 92.
LaTeX Font Info:    Checking defaults for OMS/cmsy/m/n on input line 92.
LaTeX Font Info:    ... okay on input line 92.
LaTeX Font Info:    Checking defaults for OT1/cmr/m/n on input line 92.
LaTeX Font Info:    ... okay on input line 92.
LaTeX Font Info:    Checking defaults for T1/cmr/m/n on input line 92.
LaTeX Font Info:    ... okay on input line 92.
LaTeX Font Info:    Checking defaults for TS1/cmr/m/n on input line 92.
LaTeX Font Info:    Trying to load font information for TS1+cmr on input line 9
2.
 (/usr/share/texlive/texmf-dist/tex/latex/base/ts1cmr.fd
File: ts1cmr.fd 2019/12/16 v2.5j Standard LaTeX font definitions
)
LaTeX Font Info:    ... okay on input line 92.
LaTeX Font Info:    Checking defaults for TU/lmr/m/n on input line 92.
LaTeX Font Info:    ... okay on input line 92.
LaTeX Font Info:    Checking defaults for OMX/cmex/m/n on input line 92.
LaTeX Font Info:    ... okay on input line 92.
LaTeX Font Info:    Checking defaults for U/cmr/m/n on input line 92.
LaTeX Font Info:    ... okay on input line 92.
LaTeX Font Info:    Checking defaults for PD1/pdf/m/n on input line 92.
LaTeX Font Info:    ... okay on input line 92.
LaTeX Font Info:    Checking defaults for PU/pdf/m/n on input line 92.
LaTeX Font Info:    ... okay on input line 92.

Package fontspec Info: Adjusting the maths setup (use [no-math] to avoid
(fontspec)             this).

\symlegacymaths=\mathgroup6
LaTeX Font Info:    Overwriting symbol font `legacymaths' in version `bold'
(Font)                  OT1/cmr/m/n --> OT1/cmr/bx/n on input line 92.
LaTeX Font Info:    Redeclaring math accent \acute on input line 92.
LaTeX Font Info:    Redeclaring math accent \grave on input line 92.
LaTeX Font Info:    Redeclaring math accent \ddot on input line 92.
LaTeX Font Info:    Redeclaring math accent \tilde on input line 92.
LaTeX Font Info:    Redeclaring math accent \bar on input line 92.
LaTeX Font Info:    Redeclaring math accent \breve on input line 92.
LaTeX Font Info:    Redeclaring math accent \check on input line 92.
LaTeX Font Info:    Redeclaring math accent \hat on input line 92.
LaTeX Font Info:    Redeclaring math accent \dot on input line 92.
LaTeX Font Info:    Redeclaring math accent \mathring on input line 92.
LaTeX Font Info:    Redeclaring math symbol \Gamma on input line 92.
LaTeX Font Info:    Redeclaring math symbol \Delta on input line 92.
LaTeX Font Info:    Redeclaring math symbol \Theta on input line 92.
LaTeX Font Info:    Redeclaring math symbol \Lambda on input line 92.
LaTeX Font Info:    Redeclaring math symbol \Xi on input line 92.
LaTeX Font Info:    Redeclaring math symbol \Pi on input line 92.
LaTeX Font Info:    Redeclaring math symbol \Sigma on input line 92.
LaTeX Font Info:    Redeclaring math symbol \Upsilon on input line 92.
LaTeX Font Info:    Redeclaring math symbol \Phi on input line 92.
LaTeX Font Info:    Redeclaring math symbol \Psi on input line 92.
LaTeX Font Info:    Redeclaring math symbol \Omega on input line 92.
LaTeX Font Info:    Redeclaring math symbol \mathdollar on input line 92.
LaTeX Font Info:    Redeclaring symbol font `operators' on input line 92.
LaTeX Font Info:    Encoding `OT1' has changed to `TU' for symbol font
(Font)              `operators' in the math version `normal' on input line 92.
LaTeX Font Info:    Overwriting symbol font `operators' in version `normal'
(Font)                  OT1/cmr/m/n --> TU/FreeSerif(0)/m/n on input line 92.
LaTeX Font Info:    Encoding `OT1' has changed to `TU' for symbol font
(Font)              `operators' in the math version `bold' on input line 92.
LaTeX Font Info:    Overwriting symbol font `operators' in version `bold'
(Font)                  OT1/cmr/bx/n --> TU/FreeSerif(0)/m/n on input line 92.
LaTeX Font Info:    Overwriting symbol font `operators' in version `normal'
(Font)                  TU/FreeSerif(0)/m/n --> TU/FreeSerif(0)/m/n on input li
ne 92.
LaTeX Font Info:    Overwriting math alphabet `\mathit' in version `normal'
(Font)                  OT1/cmr/m/it --> TU/FreeSerif(0)/m/it on input line 92.

LaTeX Font Info:    Overwriting math alphabet `\mathbf' in version `normal'
(Font)                  OT1/cmr/bx/n --> TU/FreeSerif(0)/b/n on input line 92.
LaTeX Font Info:    Overwriting math alphabet `\mathsf' in version `normal'
(Font)                  OT1/cmss/m/n --> TU/FreeSans(0)/m/n on input line 92.
LaTeX Font Info:    Overwriting math alphabet `\mathtt' in version `normal'
(Font)                  OT1/cmtt/m/n --> TU/FreeMono(0)/m/n on input line 92.
LaTeX Font Info:    Overwriting symbol font `operators' in version `bold'
(Font)                  TU/FreeSerif(0)/m/n --> TU/FreeSerif(0)/b/n on input li
ne 92.
LaTeX Font Info:    Overwriting math alphabet `\mathit' in version `bold'
(Font)                  OT1/cmr/bx/it --> TU/FreeSerif(0)/b/it on input line 92
.
LaTeX Font Info:    Overwriting math alphabet `\mathsf' in version `bold'
(Font)                  OT1/cmss/bx/n --> TU/FreeSans(0)/b/n on input line 92.
LaTeX Font Info:    Overwriting math alphabet `\mathtt' in version `bold'
(Font)                  OT1/cmtt/m/n --> TU/FreeMono(0)/b/n on input line 92.

(/usr/share/texlive/texmf-dist/tex/latex/pict2e/pict2e.sty
Package: pict2e 2020/09/30 v0.4b Improved picture commands (HjG,RN,JT)

(/usr/share/texlive/texmf-dist/tex/latex/pict2e/pict2e.cfg
File: pict2e.cfg 2016/02/05 v0.1u pict2e configuration for teTeX/TeXLive
)
Package pict2e Info: Driver file: xetex.def on input line 112.
Package pict2e Info: Driver file for pict2e: p2e-xetex.def on input line 114.

(/usr/share/texlive/texmf-dist/tex/latex/pict2e/p2e-xetex.def
File: p2e-xetex.def 2016/02/05 v0.1u Driver-dependant file (RN,HjG,JT)
)
\pIIe@GRAPH=\toks32
\@arclen=\dimen318
\@arcrad=\dimen319
\pIIe@tempdima=\dimen320
\pIIe@tempdimb=\dimen321
\pIIe@tempdimc=\dimen322
\pIIe@tempdimd=\dimen323
\pIIe@tempdime=\dimen324
\pIIe@tempdimf=\dimen325
)
\c@literalblock=\count344

*geometry* driver: auto-detecting
*geometry* detected driver: xetex
*geometry* verbose mode - [ preamble ] result:
* driver: xetex
* paper: letterpaper
* layout: <same size as paper>
* layoutoffset:(h,v)=(0.0pt,0.0pt)
* modes: twoside 
* h-part:(L,W,R)=(72.26999pt, 469.75502pt, 72.26999pt)
* v-part:(T,H,B)=(72.26999pt, 650.43001pt, 72.26999pt)
* \paperwidth=614.295pt
* \paperheight=794.96999pt
* \textwidth=469.75502pt
* \textheight=650.43001pt
* \oddsidemargin=0.0pt
* \evensidemargin=0.0pt
* \topmargin=-37.0pt
* \headheight=12.0pt
* \headsep=25.0pt
* \topskip=10.0pt
* \footskip=30.0pt
* \marginparwidth=36.135pt
* \marginparsep=11.0pt
* \columnsep=10.0pt
* \skip\footins=9.0pt plus 4.0pt minus 2.0pt
* \hoffset=0.0pt
* \voffset=0.0pt
* \mag=1000
* \@twocolumnfalse
* \@twosidetrue
* \@mparswitchtrue
* \@reversemarginfalse
* (1in=72.27pt=25.4mm, 1cm=28.453pt)

Package hyperref Info: Link coloring ON on input line 92.
(/usr/share/texlive/texmf-dist/tex/latex/hyperref/nameref.sty
Package: nameref 2021-04-02 v2.47 Cross-referencing by name of section

(/usr/share/texlive/texmf-dist/tex/latex/refcount/refcount.sty
Package: refcount 2019/12/15 v3.6 Data extraction from label references (HO)
)
(/usr/share/texlive/texmf-dist/tex/generic/gettitlestring/gettitlestring.sty
Package: gettitlestring 2019/12/15 v1.6 Cleanup title references (HO)
)
\c@section@level=\count345
)
LaTeX Info: Redefining \ref on input line 92.
LaTeX Info: Redefining \pageref on input line 92.
LaTeX Info: Redefining \nameref on input line 92.

(./jwq40260.out) (./jwq40260.out)
\@outlinefile=\write5
\openout5 = `jwq40260.out'.

Package hyperref Info: Option `pageanchor' set `false' on input line 100.


Package fontspec Warning: Font "FandolHei-Regular" does not contain requested
(fontspec)                Script "CJK".


Package fontspec Info: Font family 'FandolHei-Regular(0)' created for font
(fontspec)             'FandolHei-Regular' with options
(fontspec)             [Script={CJK},Extension={.otf},BoldFont={FandolHei-Bold}
].
(fontspec)              
(fontspec)              This font family consists of the following NFSS
(fontspec)             series/shapes:
(fontspec)              
(fontspec)             - 'normal' (m/n) with NFSS spec.:
(fontspec)             <->"[FandolHei-Regular.otf]/OT:language=dflt;"
(fontspec)             - 'small caps'  (m/sc) with NFSS spec.: 
(fontspec)             - 'bold' (b/n) with NFSS spec.:
(fontspec)             <->"[FandolHei-Bold.otf]/OT:language=dflt;"
(fontspec)             - 'bold small caps'  (b/sc) with NFSS spec.: 


LaTeX Font Warning: Font shape `TU/FandolHei-Regular(0)/b/it' undefined
(Font)              using `TU/FandolHei-Regular(0)/b/n' instead on input line 1
00.

LaTeX Font Info:    Trying to load font information for U+msa on input line 100
.
(/usr/share/texlive/texmf-dist/tex/latex/amsfonts/umsa.fd
File: umsa.fd 2013/01/14 v3.01 AMS symbols A
)
LaTeX Font Info:    Trying to load font information for U+msb on input line 100
.

(/usr/share/texlive/texmf-dist/tex/latex/amsfonts/umsb.fd
File: umsb.fd 2013/01/14 v3.01 AMS symbols B
) [1

] [2


]
(./jwq40260.toc)
\tf@toc=\write6
\openout6 = `jwq40260.toc'.

 [1

] [2

]
Chapter 1.

Package fontspec Warning: Font "FandolFang-Regular" does not contain requested
(fontspec)                Script "CJK".


Package fontspec Info: Font family 'FandolFang-Regular(0)' created for font
(fontspec)             'FandolFang-Regular' with options
(fontspec)             [Script={CJK},Extension={.otf}].
(fontspec)              
(fontspec)              This font family consists of the following NFSS
(fontspec)             series/shapes:
(fontspec)              
(fontspec)             - 'normal' (m/n) with NFSS spec.:
(fontspec)             <->"[FandolFang-Regular.otf]/OT:language=dflt;"
(fontspec)             - 'small caps'  (m/sc) with NFSS spec.: 

File: graphviz-366cd39621a43513501d265359966478f55bddf2.pdf Graphic file (type 
pdf)
<use graphviz-366cd39621a43513501d265359966478f55bddf2.pdf>
[1

]
Overfull \vbox (284.58463pt too high) has occurred while \output is active []


[2]
File: graphviz-fb16c160084d64d75662964ad41c91662958ef49.pdf Graphic file (type 
pdf)
<use graphviz-fb16c160084d64d75662964ad41c91662958ef49.pdf>
 [3]
Overfull \vbox (35.35pt too high) has occurred while \output is active []

 [4]
Chapter 2.
File: graphviz-e7378cde3537ed34dfc98d3738b2052717e23f2a.pdf Graphic file (type 
pdf)
<use graphviz-e7378cde3537ed34dfc98d3738b2052717e23f2a.pdf>
[5

]
Overfull \vbox (260.0pt too high) has occurred while \output is active []

 [6]
Chapter 3.
File: wavedrom-2786d7fa-78cd-45ff-800a-b0399e1897f9.pdf Graphic file (type pdf)

<use wavedrom-2786d7fa-78cd-45ff-800a-b0399e1897f9.pdf>
[7

] [8

]
Chapter 4.
File: jw40260.png Graphic file (type bmp)
<jw40260.png>
[9]
Overfull \vbox (36.60121pt too high) has occurred while \output is active []


[10]
Chapter 5.

Overfull \hbox (9.625pt too wide) in paragraph at lines 152--154
[]\TU/FreeSerif(0)/m/n/10 0x40070050 
 []


Overfull \hbox (9.625pt too wide) detected at line 155
[]\TU/FreeSerif(0)/m/n/10 0x40070050 
 []


Overfull \hbox (33.325pt too wide) in paragraph at lines 166--168
[]\TU/FreeSerif(0)/m/n/10 PHASE_CONFIG 
 []


Overfull \hbox (33.325pt too wide) detected at line 169
[]\TU/FreeSerif(0)/m/n/10 PHASE_CONFIG 
 []


Overfull \hbox (9.805pt too wide) in paragraph at lines 175--177
[]
 []


Overfull \hbox (14.805pt too wide) in paragraph at lines 175--177
\TU/FreeSerif(0)/m/n/10 8 
 []


Overfull \hbox (14.805pt too wide) detected at line 182
\TU/FreeSerif(0)/m/n/10 8 
 []


Overfull \hbox (9.805pt too wide) detected at line 182
[]
 []


Overfull \hbox (9.805pt too wide) in paragraph at lines 188--190
[]
 []


Overfull \hbox (28.965pt too wide) in paragraph at lines 188--190
\TU/FreeSerif(0)/m/n/10 [7:5] 
 []


Overfull \hbox (9.805pt too wide) in paragraph at lines 193--195
[]
 []


Overfull \hbox (28.965pt too wide) in paragraph at lines 193--195
\TU/FreeSerif(0)/m/n/10 [4:0] 
 []


Overfull \hbox (28.965pt too wide) detected at line 197
\TU/FreeSerif(0)/m/n/10 [4:0] 
 []


Overfull \hbox (9.805pt too wide) detected at line 197
[]
 []


Overfull \hbox (28.965pt too wide) detected at line 197
\TU/FreeSerif(0)/m/n/10 [7:5] 
 []


Overfull \hbox (9.805pt too wide) detected at line 197
[]
 []


Overfull \hbox (9.805pt too wide) in paragraph at lines 203--205
[]
 []


Overfull \hbox (47.26498pt too wide) in paragraph at lines 203--205
\TU/FreeSerif(0)/m/n/10 PH_CFG 
 []


Overfull \hbox (9.805pt too wide) in paragraph at lines 208--210
[]
 []


Overfull \hbox (43.53499pt too wide) in paragraph at lines 208--210
\TU/FreeSerif(0)/m/n/10 CHECK 
 []


Overfull \hbox (43.53499pt too wide) detected at line 212
\TU/FreeSerif(0)/m/n/10 CHECK 
 []


Overfull \hbox (9.805pt too wide) detected at line 212
[]
 []


Overfull \hbox (47.26498pt too wide) detected at line 212
\TU/FreeSerif(0)/m/n/10 PH_CFG 
 []


Overfull \hbox (9.805pt too wide) detected at line 212
[]
 []


Overfull \hbox (9.805pt too wide) in paragraph at lines 218--220
[]
 []


Overfull \hbox (25.94499pt too wide) in paragraph at lines 218--220
\TU/FreeSerif(0)/m/n/10 RW 
 []


Overfull \hbox (9.805pt too wide) in paragraph at lines 223--225
[]
 []


Overfull \hbox (25.94499pt too wide) in paragraph at lines 223--225
\TU/FreeSerif(0)/m/n/10 RW 
 []


Overfull \hbox (25.94499pt too wide) detected at line 227
\TU/FreeSerif(0)/m/n/10 RW 
 []


Overfull \hbox (9.805pt too wide) detected at line 227
[]
 []


Overfull \hbox (25.94499pt too wide) detected at line 227
\TU/FreeSerif(0)/m/n/10 RW 
 []


Overfull \hbox (9.805pt too wide) detected at line 227
[]
 []


Overfull \hbox (9.805pt too wide) in paragraph at lines 233--235
[]
 []


Overfull \hbox (17.905pt too wide) in paragraph at lines 233--235
\TU/FreeSerif(0)/m/n/10 3\TU/FandolSong-Regular(0)/m/n/10 ’|
 []


Overfull \hbox (19.805pt too wide) in paragraph at lines 233--235
\TU/FreeSerif(0)/m/n/10 b0 
 []


Overfull \hbox (9.805pt too wide) in paragraph at lines 238--240
[]
 []


Overfull \hbox (17.905pt too wide) in paragraph at lines 238--240
\TU/FreeSerif(0)/m/n/10 5\TU/FandolSong-Regular(0)/m/n/10 ’|
 []


Overfull \hbox (19.805pt too wide) in paragraph at lines 238--240
\TU/FreeSerif(0)/m/n/10 b0 
 []


Overfull \hbox (19.805pt too wide) detected at line 242
\TU/FreeSerif(0)/m/n/10 b0 
 []


Overfull \hbox (17.905pt too wide) detected at line 242
\TU/FreeSerif(0)/m/n/10 5\TU/FandolSong-Regular(0)/m/n/10 ’|
 []


Overfull \hbox (9.805pt too wide) detected at line 242
[]
 []


Overfull \hbox (19.805pt too wide) detected at line 242
\TU/FreeSerif(0)/m/n/10 b0 
 []


Overfull \hbox (17.905pt too wide) detected at line 242
\TU/FreeSerif(0)/m/n/10 3\TU/FandolSong-Regular(0)/m/n/10 ’|
 []


Overfull \hbox (9.805pt too wide) detected at line 242
[]
 []


Overfull \hbox (9.805pt too wide) in paragraph at lines 248--255
[]
 []


Overfull \hbox (29.80478pt too wide) in paragraph at lines 248--255
\TU/FreeSerif(0)/m/n/10 000b
 []


Overfull \hbox (15.44478pt too wide) in paragraph at lines 248--255
\TU/FreeSerif(0)/m/n/10 =
 []


Overfull \hbox (49.22478pt too wide) in paragraph at lines 248--255
\TU/FreeSerif(0)/m/n/10 1+1+1+1;
 []


Overfull \hbox (29.80478pt too wide) in paragraph at lines 248--255
\TU/FreeSerif(0)/m/n/10 100b
 []


Overfull \hbox (15.44478pt too wide) in paragraph at lines 248--255
\TU/FreeSerif(0)/m/n/10 =
 []


Overfull \hbox (38.58478pt too wide) in paragraph at lines 248--255
\TU/FreeSerif(0)/m/n/10 2+1+1;
 []


Overfull \hbox (29.80478pt too wide) in paragraph at lines 248--255
\TU/FreeSerif(0)/m/n/10 101b
 []


Overfull \hbox (15.44478pt too wide) in paragraph at lines 248--255
\TU/FreeSerif(0)/m/n/10 =
 []


Overfull \hbox (25.44478pt too wide) in paragraph at lines 248--255
\TU/FreeSerif(0)/m/n/10 2+2
 []


Overfull \hbox (29.80478pt too wide) in paragraph at lines 248--255
\TU/FreeSerif(0)/m/n/10 110b
 []


Overfull \hbox (15.44478pt too wide) in paragraph at lines 248--255
\TU/FreeSerif(0)/m/n/10 =
 []


Overfull \hbox (25.44478pt too wide) in paragraph at lines 248--255
\TU/FreeSerif(0)/m/n/10 3+1
 []


Overfull \hbox (29.80478pt too wide) in paragraph at lines 248--255
\TU/FreeSerif(0)/m/n/10 111b
 []


Overfull \hbox (15.44478pt too wide) in paragraph at lines 248--255
\TU/FreeSerif(0)/m/n/10 =
 []


Overfull \hbox (25.44478pt too wide) in paragraph at lines 248--255
\TU/FreeSerif(0)/m/n/10 4+0
 []


Overfull \hbox (28.08499pt too wide) in paragraph at lines 248--255
\TU/FreeSerif(0)/m/n/10 Oth-
 []


Overfull \hbox (21.26479pt too wide) in paragraph at lines 248--255
\TU/FreeSerif(0)/m/n/10 ers
 []


Overfull \hbox (21.94478pt too wide) in paragraph at lines 248--255
\TU/FreeSerif(0)/m/n/10 are
 []


Overfull \hbox (20.92499pt too wide) in paragraph at lines 248--255
\TU/FreeSerif(0)/m/n/10 re-
 []


Overfull \hbox (35.17499pt too wide) in paragraph at lines 248--255
\TU/FreeSerif(0)/m/n/10 served 
 []


Overfull \hbox (9.805pt too wide) in paragraph at lines 258--263
[]
 []


Overfull \hbox (34.80478pt too wide) in paragraph at lines 258--263
\TU/FreeSerif(0)/m/n/10 1010b
 []


Overfull \hbox (15.44478pt too wide) in paragraph at lines 258--263
\TU/FreeSerif(0)/m/n/10 =
 []


Overfull \hbox (25.18478pt too wide) in paragraph at lines 258--263
\TU/FreeSerif(0)/m/n/10 The
 []


Overfull \hbox (28.825pt too wide) in paragraph at lines 258--263
\TU/FreeSerif(0)/m/n/10 writ-
 []


Overfull \hbox (22.04478pt too wide) in paragraph at lines 258--263
\TU/FreeSerif(0)/m/n/10 ing
 []


Overfull \hbox (30.075pt too wide) in paragraph at lines 258--263
\TU/FreeSerif(0)/m/n/10 com-
 []


Overfull \hbox (31.67477pt too wide) in paragraph at lines 258--263
\TU/FreeSerif(0)/m/n/10 mand
 []


Overfull \hbox (16.15479pt too wide) in paragraph at lines 258--263
\TU/FreeSerif(0)/m/n/10 is
 []


Overfull \hbox (28.73479pt too wide) in paragraph at lines 258--263
\TU/FreeSerif(0)/m/n/10 valid
 []


Overfull \hbox (28.72478pt too wide) in paragraph at lines 258--263
\TU/FreeSerif(0)/m/n/10 data;
 []


Overfull \hbox (28.08499pt too wide) in paragraph at lines 258--263
\TU/FreeSerif(0)/m/n/10 Oth-
 []


Overfull \hbox (21.26479pt too wide) in paragraph at lines 258--263
\TU/FreeSerif(0)/m/n/10 ers
 []


Overfull \hbox (15.44478pt too wide) in paragraph at lines 258--263
\TU/FreeSerif(0)/m/n/10 =
 []


Overfull \hbox (25.18478pt too wide) in paragraph at lines 258--263
\TU/FreeSerif(0)/m/n/10 The
 []


Overfull \hbox (28.825pt too wide) in paragraph at lines 258--263
\TU/FreeSerif(0)/m/n/10 writ-
 []


Overfull \hbox (22.04478pt too wide) in paragraph at lines 258--263
\TU/FreeSerif(0)/m/n/10 ing
 []


Overfull \hbox (30.075pt too wide) in paragraph at lines 258--263
\TU/FreeSerif(0)/m/n/10 com-
 []


Overfull \hbox (31.67477pt too wide) in paragraph at lines 258--263
\TU/FreeSerif(0)/m/n/10 mand
 []


Overfull \hbox (16.15479pt too wide) in paragraph at lines 258--263
\TU/FreeSerif(0)/m/n/10 is
 []


Overfull \hbox (20.70499pt too wide) in paragraph at lines 258--263
\TU/FreeSerif(0)/m/n/10 in-
 []


Overfull \hbox (31.23479pt too wide) in paragraph at lines 258--263
\TU/FreeSerif(0)/m/n/10 valid.
 []


Overfull \hbox (32.14499pt too wide) in paragraph at lines 258--263
\TU/FreeSerif(0)/m/n/10 (Reg-
 []


Overfull \hbox (19.485pt too wide) in paragraph at lines 258--263
\TU/FreeSerif(0)/m/n/10 is-
 []


Overfull \hbox (20.42477pt too wide) in paragraph at lines 258--263
\TU/FreeSerif(0)/m/n/10 ter
 []


Overfull \hbox (30.40479pt too wide) in paragraph at lines 258--263
\TU/FreeSerif(0)/m/n/10 value
 []


Overfull \hbox (35.405pt too wide) in paragraph at lines 258--263
\TU/FreeSerif(0)/m/n/10 doesn\TU/FandolSong-Regular(0)/m/n/10 ’|
 []


Overfull \hbox (12.63478pt too wide) in paragraph at lines 258--263
\TU/FreeSerif(0)/m/n/10 t
 []


Overfull \hbox (48.04478pt too wide) in paragraph at lines 258--263
\TU/FreeSerif(0)/m/n/10 changed).
 []


Overfull \hbox (22.92499pt too wide) in paragraph at lines 258--263
\TU/FreeSerif(0)/m/n/10 Al-
 []


Overfull \hbox (28.81477pt too wide) in paragraph at lines 258--263
\TU/FreeSerif(0)/m/n/10 ways
 []


Overfull \hbox (26.78477pt too wide) in paragraph at lines 258--263
\TU/FreeSerif(0)/m/n/10 read
 []


Overfull \hbox (17.305pt too wide) in paragraph at lines 258--263
\TU/FreeSerif(0)/m/n/10 0. 
 []


Overfull \hbox (17.305pt too wide) detected at line 265
\TU/FreeSerif(0)/m/n/10 0. 
 []


Overfull \hbox (26.78477pt too wide) detected at line 265
\TU/FreeSerif(0)/m/n/10 read
 []


Overfull \hbox (28.81477pt too wide) detected at line 265
\TU/FreeSerif(0)/m/n/10 ways
 []


Overfull \hbox (22.92499pt too wide) detected at line 265
\TU/FreeSerif(0)/m/n/10 Al-
 []


Overfull \hbox (48.04478pt too wide) detected at line 265
\TU/FreeSerif(0)/m/n/10 changed).
 []


Overfull \hbox (12.63478pt too wide) detected at line 265
\TU/FreeSerif(0)/m/n/10 t
 []


Overfull \hbox (35.405pt too wide) detected at line 265
\TU/FreeSerif(0)/m/n/10 doesn\TU/FandolSong-Regular(0)/m/n/10 ’|
 []


Overfull \hbox (30.40479pt too wide) detected at line 265
\TU/FreeSerif(0)/m/n/10 value
 []


Overfull \hbox (20.42477pt too wide) detected at line 265
\TU/FreeSerif(0)/m/n/10 ter
 []


Overfull \hbox (19.485pt too wide) detected at line 265
\TU/FreeSerif(0)/m/n/10 is-
 []


Overfull \hbox (32.14499pt too wide) detected at line 265
\TU/FreeSerif(0)/m/n/10 (Reg-
 []


Overfull \hbox (31.23479pt too wide) detected at line 265
\TU/FreeSerif(0)/m/n/10 valid.
 []


Overfull \hbox (20.70499pt too wide) detected at line 265
\TU/FreeSerif(0)/m/n/10 in-
 []


Overfull \hbox (16.15479pt too wide) detected at line 265
\TU/FreeSerif(0)/m/n/10 is
 []


Overfull \hbox (31.67477pt too wide) detected at line 265
\TU/FreeSerif(0)/m/n/10 mand
 []


Overfull \hbox (30.075pt too wide) detected at line 265
\TU/FreeSerif(0)/m/n/10 com-
 []


Overfull \hbox (22.04478pt too wide) detected at line 265
\TU/FreeSerif(0)/m/n/10 ing
 []


Overfull \hbox (28.825pt too wide) detected at line 265
\TU/FreeSerif(0)/m/n/10 writ-
 []


Overfull \hbox (25.18478pt too wide) detected at line 265
\TU/FreeSerif(0)/m/n/10 The
 []


Overfull \hbox (15.44478pt too wide) detected at line 265
\TU/FreeSerif(0)/m/n/10 =
 []


Overfull \hbox (21.26479pt too wide) detected at line 265
\TU/FreeSerif(0)/m/n/10 ers
 []


Overfull \hbox (28.08499pt too wide) detected at line 265
\TU/FreeSerif(0)/m/n/10 Oth-
 []


Overfull \hbox (28.72478pt too wide) detected at line 265
\TU/FreeSerif(0)/m/n/10 data;
 []


Overfull \hbox (28.73479pt too wide) detected at line 265
\TU/FreeSerif(0)/m/n/10 valid
 []


Overfull \hbox (16.15479pt too wide) detected at line 265
\TU/FreeSerif(0)/m/n/10 is
 []


Overfull \hbox (31.67477pt too wide) detected at line 265
\TU/FreeSerif(0)/m/n/10 mand
 []


Overfull \hbox (30.075pt too wide) detected at line 265
\TU/FreeSerif(0)/m/n/10 com-
 []


Overfull \hbox (22.04478pt too wide) detected at line 265
\TU/FreeSerif(0)/m/n/10 ing
 []


Overfull \hbox (28.825pt too wide) detected at line 265
\TU/FreeSerif(0)/m/n/10 writ-
 []


Overfull \hbox (25.18478pt too wide) detected at line 265
\TU/FreeSerif(0)/m/n/10 The
 []


Overfull \hbox (15.44478pt too wide) detected at line 265
\TU/FreeSerif(0)/m/n/10 =
 []


Overfull \hbox (34.80478pt too wide) detected at line 265
\TU/FreeSerif(0)/m/n/10 1010b
 []


Overfull \hbox (9.805pt too wide) detected at line 265
[]
 []


Overfull \hbox (35.17499pt too wide) detected at line 265
\TU/FreeSerif(0)/m/n/10 served 
 []


Overfull \hbox (20.92499pt too wide) detected at line 265
\TU/FreeSerif(0)/m/n/10 re-
 []


Overfull \hbox (21.94478pt too wide) detected at line 265
\TU/FreeSerif(0)/m/n/10 are
 []


Overfull \hbox (21.26479pt too wide) detected at line 265
\TU/FreeSerif(0)/m/n/10 ers
 []


Overfull \hbox (28.08499pt too wide) detected at line 265
\TU/FreeSerif(0)/m/n/10 Oth-
 []


Overfull \hbox (25.44478pt too wide) detected at line 265
\TU/FreeSerif(0)/m/n/10 4+0
 []


Overfull \hbox (15.44478pt too wide) detected at line 265
\TU/FreeSerif(0)/m/n/10 =
 []


Overfull \hbox (29.80478pt too wide) detected at line 265
\TU/FreeSerif(0)/m/n/10 111b
 []


Overfull \hbox (25.44478pt too wide) detected at line 265
\TU/FreeSerif(0)/m/n/10 3+1
 []


Overfull \hbox (15.44478pt too wide) detected at line 265
\TU/FreeSerif(0)/m/n/10 =
 []


Overfull \hbox (29.80478pt too wide) detected at line 265
\TU/FreeSerif(0)/m/n/10 110b
 []


Overfull \hbox (25.44478pt too wide) detected at line 265
\TU/FreeSerif(0)/m/n/10 2+2
 []


Overfull \hbox (15.44478pt too wide) detected at line 265
\TU/FreeSerif(0)/m/n/10 =
 []


Overfull \hbox (29.80478pt too wide) detected at line 265
\TU/FreeSerif(0)/m/n/10 101b
 []


Overfull \hbox (38.58478pt too wide) detected at line 265
\TU/FreeSerif(0)/m/n/10 2+1+1;
 []


Overfull \hbox (15.44478pt too wide) detected at line 265
\TU/FreeSerif(0)/m/n/10 =
 []


Overfull \hbox (29.80478pt too wide) detected at line 265
\TU/FreeSerif(0)/m/n/10 100b
 []


Overfull \hbox (49.22478pt too wide) detected at line 265
\TU/FreeSerif(0)/m/n/10 1+1+1+1;
 []


Overfull \hbox (15.44478pt too wide) detected at line 265
\TU/FreeSerif(0)/m/n/10 =
 []


Overfull \hbox (29.80478pt too wide) detected at line 265
\TU/FreeSerif(0)/m/n/10 000b
 []


Overfull \hbox (9.805pt too wide) detected at line 265
[]
 []


Overfull \hbox (17.605pt too wide) in paragraph at lines 278--280
[]\TU/FreeSerif(0)/m/n/10 IC_VERSION 
 []


Overfull \hbox (17.605pt too wide) detected at line 281
[]\TU/FreeSerif(0)/m/n/10 IC_VERSION 
 []


Underfull \hbox (badness 10000) in paragraph at lines 299--302
[]|\TU/FreeSerif(0)/m/n/10 Die ver-
 []


Overfull \hbox (9.11499pt too wide) in paragraph at lines 335--337
[]|\TU/FreeSerif(0)/m/n/10 I2C_MODE| 
 []


Overfull \hbox (18.215pt too wide) in paragraph at lines 365--367
[]\TU/FreeSerif(0)/m/n/10 SYS_STATUS 
 []


Overfull \hbox (18.215pt too wide) detected at line 368
[]\TU/FreeSerif(0)/m/n/10 SYS_STATUS 
 []


Underfull \hbox (badness 10000) in paragraph at lines 386--390
[]|\TU/FreeSerif(0)/m/n/10 Indicates
 []


Underfull \hbox (badness 10000) in paragraph at lines 386--390
\TU/FreeSerif(0)/m/n/10 input
 []


Underfull \hbox (badness 10000) in paragraph at lines 386--390
\TU/FreeSerif(0)/m/n/10 Under
 []


Underfull \hbox (badness 10000) in paragraph at lines 386--390
\TU/FreeSerif(0)/m/n/10 Voltage
 []


Underfull \hbox (badness 10000) in paragraph at lines 386--390
\TU/FreeSerif(0)/m/n/10 Lock-out
 []


Underfull \hbox (badness 10000) in paragraph at lines 386--390
\TU/FreeSerif(0)/m/n/10 1= Input
 []


Underfull \hbox (badness 10000) in paragraph at lines 386--390
\TU/FreeSerif(0)/m/n/10 voltage
 []


Underfull \hbox (badness 10000) in paragraph at lines 403--407
[]|\TU/FreeSerif(0)/m/n/10 Indicates
 []


Underfull \hbox (badness 10000) in paragraph at lines 403--407
\TU/FreeSerif(0)/m/n/10 Voltage
 []


Underfull \hbox (badness 10000) in paragraph at lines 403--407
\TU/FreeSerif(0)/m/n/10 is higher
 []


Underfull \hbox (badness 10000) in paragraph at lines 403--407
\TU/FreeSerif(0)/m/n/10 than 6V.
 []


Underfull \hbox (badness 10000) in paragraph at lines 403--407
\TU/FreeSerif(0)/m/n/10 1= Input
 []


Underfull \hbox (badness 10000) in paragraph at lines 403--407
\TU/FreeSerif(0)/m/n/10 voltage
 []


Underfull \hbox (badness 10000) in paragraph at lines 433--436
[]|\TU/FreeSerif(0)/m/n/10 1= Junc-
 []


Underfull \hbox (badness 10000) in paragraph at lines 433--436
\TU/FreeSerif(0)/m/n/10 tion
 []


Underfull \hbox (badness 10000) in paragraph at lines 433--436
\TU/FreeSerif(0)/m/n/10 temper-
 []


Underfull \hbox (badness 10000) in paragraph at lines 433--436
\TU/FreeSerif(0)/m/n/10 ature
 []


Underfull \hbox (badness 10000) in paragraph at lines 433--436
\TU/FreeSerif(0)/m/n/10 higher
 []


Underfull \hbox (badness 10000) in paragraph at lines 433--436
\TU/FreeSerif(0)/m/n/10 than
 []


Underfull \hbox (badness 10000) in paragraph at lines 433--436
\TU/FreeSerif(0)/m/n/10 145℃
 []


Underfull \hbox (badness 10000) in paragraph at lines 433--436
\TU/FreeSerif(0)/m/n/10 and trig-
 []


Underfull \hbox (badness 10000) in paragraph at lines 449--452
[]|\TU/FreeSerif(0)/m/n/10 1= Junc-
 []


Underfull \hbox (badness 10000) in paragraph at lines 449--452
\TU/FreeSerif(0)/m/n/10 tion
 []


Underfull \hbox (badness 10000) in paragraph at lines 449--452
\TU/FreeSerif(0)/m/n/10 temper-
 []


Underfull \hbox (badness 10000) in paragraph at lines 449--452
\TU/FreeSerif(0)/m/n/10 ature
 []


Underfull \hbox (badness 10000) in paragraph at lines 449--452
\TU/FreeSerif(0)/m/n/10 higher
 []


Underfull \hbox (badness 10000) in paragraph at lines 449--452
\TU/FreeSerif(0)/m/n/10 than
 []


Overfull \hbox (32.93498pt too wide) in paragraph at lines 461--463
[]\TU/FreeSerif(0)/m/n/10 BUCK1_STATUS 
 []


Overfull \hbox (32.93498pt too wide) detected at line 464
[]\TU/FreeSerif(0)/m/n/10 BUCK1_STATUS 
 []


Underfull \hbox (badness 10000) in paragraph at lines 483--485
\TU/FreeSerif(0)/m/n/10 re-
 []


Underfull \hbox (badness 10000) in paragraph at lines 483--485
\TU/FreeSerif(0)/m/n/10 set
 []


Underfull \hbox (badness 10000) in paragraph at lines 483--485
\TU/FreeSerif(0)/m/n/10 af-
 []


Underfull \hbox (badness 10000) in paragraph at lines 483--485
\TU/FreeSerif(0)/m/n/10 ter
 []


Overfull \hbox (1.78477pt too wide) in paragraph at lines 483--485
\TU/FreeSerif(0)/m/n/10 read
 []


Underfull \hbox (badness 10000) in paragraph at lines 483--485
\TU/FreeSerif(0)/m/n/10 the
 []


Overfull \hbox (7.905pt too wide) in paragraph at lines 483--485
\TU/FreeSerif(0)/m/n/10 value. 
 []


Underfull \hbox (badness 10000) in paragraph at lines 501--504
[]|\TU/FreeSerif(0)/m/n/10 1=
 []


Underfull \hbox (badness 10000) in paragraph at lines 501--504
\TU/FreeSerif(0)/m/n/10 BUCK1
 []


Underfull \hbox (badness 10000) in paragraph at lines 501--504
\TU/FreeSerif(0)/m/n/10 triggers
 []


Underfull \hbox (badness 10000) in paragraph at lines 501--504
\TU/FreeSerif(0)/m/n/10 output
 []


Underfull \hbox (badness 10000) in paragraph at lines 517--521
[]|\TU/FreeSerif(0)/m/n/10 1=
 []


Underfull \hbox (badness 10000) in paragraph at lines 517--521
\TU/FreeSerif(0)/m/n/10 BUCK1
 []


Underfull \hbox (badness 10000) in paragraph at lines 517--521
\TU/FreeSerif(0)/m/n/10 triggers
 []


Underfull \hbox (badness 10000) in paragraph at lines 517--521
\TU/FreeSerif(0)/m/n/10 output
 []


Underfull \hbox (badness 10000) in paragraph at lines 517--521
\TU/FreeSerif(0)/m/n/10 UVP;
 []


Underfull \hbox (badness 10000) in paragraph at lines 517--521
\TU/FreeSerif(0)/m/n/10 Write 1
 []


Underfull \hbox (badness 10000) in paragraph at lines 517--521
\TU/FreeSerif(0)/m/n/10 reset the
 []


Underfull \hbox (badness 10000) in paragraph at lines 517--521
\TU/FreeSerif(0)/m/n/10 value to
 []


Underfull \hbox (badness 10000) in paragraph at lines 534--537
[]|\TU/FreeSerif(0)/m/n/10 1=
 []


Underfull \hbox (badness 10000) in paragraph at lines 534--537
\TU/FreeSerif(0)/m/n/10 BUCK1
 []


Underfull \hbox (badness 10000) in paragraph at lines 534--537
\TU/FreeSerif(0)/m/n/10 output
 []


Underfull \hbox (badness 10000) in paragraph at lines 534--537
\TU/FreeSerif(0)/m/n/10 setting
 []


Overfull \hbox (32.93498pt too wide) in paragraph at lines 559--561
[]\TU/FreeSerif(0)/m/n/10 BUCK2_STATUS 
 []


Overfull \hbox (32.93498pt too wide) detected at line 562
[]\TU/FreeSerif(0)/m/n/10 BUCK2_STATUS 
 []


Underfull \hbox (badness 10000) in paragraph at lines 581--583
\TU/FreeSerif(0)/m/n/10 re-
 []


Underfull \hbox (badness 10000) in paragraph at lines 581--583
\TU/FreeSerif(0)/m/n/10 set
 []


Underfull \hbox (badness 10000) in paragraph at lines 581--583
\TU/FreeSerif(0)/m/n/10 af-
 []


Underfull \hbox (badness 10000) in paragraph at lines 581--583
\TU/FreeSerif(0)/m/n/10 ter
 []


Overfull \hbox (1.78477pt too wide) in paragraph at lines 581--583
\TU/FreeSerif(0)/m/n/10 read
 []


Underfull \hbox (badness 10000) in paragraph at lines 581--583
\TU/FreeSerif(0)/m/n/10 the
 []


Overfull \hbox (7.905pt too wide) in paragraph at lines 581--583
\TU/FreeSerif(0)/m/n/10 value. 
 []


Underfull \hbox (badness 10000) in paragraph at lines 599--602
[]|\TU/FreeSerif(0)/m/n/10 1=
 []


Underfull \hbox (badness 10000) in paragraph at lines 599--602
\TU/FreeSerif(0)/m/n/10 BUCK2
 []


Underfull \hbox (badness 10000) in paragraph at lines 599--602
\TU/FreeSerif(0)/m/n/10 triggers
 []


Underfull \hbox (badness 10000) in paragraph at lines 599--602
\TU/FreeSerif(0)/m/n/10 output
 []


Underfull \hbox (badness 10000) in paragraph at lines 615--619
[]|\TU/FreeSerif(0)/m/n/10 1=
 []


Underfull \hbox (badness 10000) in paragraph at lines 615--619
\TU/FreeSerif(0)/m/n/10 BUCK2
 []


Underfull \hbox (badness 10000) in paragraph at lines 615--619
\TU/FreeSerif(0)/m/n/10 triggers
 []


Underfull \hbox (badness 10000) in paragraph at lines 615--619
\TU/FreeSerif(0)/m/n/10 output
 []


Underfull \hbox (badness 10000) in paragraph at lines 615--619
\TU/FreeSerif(0)/m/n/10 UVP;
 []


Underfull \hbox (badness 10000) in paragraph at lines 615--619
\TU/FreeSerif(0)/m/n/10 Write 1
 []


Underfull \hbox (badness 10000) in paragraph at lines 615--619
\TU/FreeSerif(0)/m/n/10 reset the
 []


Underfull \hbox (badness 10000) in paragraph at lines 615--619
\TU/FreeSerif(0)/m/n/10 value to
 []


Underfull \hbox (badness 10000) in paragraph at lines 632--635
[]|\TU/FreeSerif(0)/m/n/10 1=
 []


Underfull \hbox (badness 10000) in paragraph at lines 632--635
\TU/FreeSerif(0)/m/n/10 BUCK2
 []


Underfull \hbox (badness 10000) in paragraph at lines 632--635
\TU/FreeSerif(0)/m/n/10 output
 []


Underfull \hbox (badness 10000) in paragraph at lines 632--635
\TU/FreeSerif(0)/m/n/10 setting
 []

[11

]
Overfull \vbox (1671.89485pt too high) has occurred while \output is active []


[12]
Chapter 6.

Overfull \hbox (2.14703pt too wide) in paragraph at lines 784--784
[]\TU/FreeSerif(0)/m/n/10 Write| 
 []


Overfull \hbox (4.50903pt too wide) in paragraph at lines 784--784
[]\TU/FreeSerif(0)/m/n/10 COM_ERR| 
 []


Overfull \hbox (4.50903pt too wide) in paragraph at lines 784--784
[]\TU/FreeSerif(0)/m/n/10 COM_ERR| 
 []


Overfull \hbox (4.50903pt too wide) in paragraph at lines 784--784
[]\TU/FreeSerif(0)/m/n/10 COM_ERR| 
 []


Overfull \hbox (4.50903pt too wide) in paragraph at lines 784--784
[]\TU/FreeSerif(0)/m/n/10 COM_ERR| 
 []


Overfull \hbox (4.50903pt too wide) in paragraph at lines 784--784
[]\TU/FreeSerif(0)/m/n/10 COM_ERR| 
 []


Overfull \hbox (4.50903pt too wide) in paragraph at lines 784--784
[]\TU/FreeSerif(0)/m/n/10 COM_ERR| 
 []


Overfull \hbox (4.50903pt too wide) in paragraph at lines 784--784
[]\TU/FreeSerif(0)/m/n/10 COM_ERR| 
 []


Overfull \hbox (4.50903pt too wide) in paragraph at lines 784--784
[]\TU/FreeSerif(0)/m/n/10 COM_ERR| 
 []


Underfull \hbox (badness 10000) in paragraph at lines 784--784
[]\TU/FreeSerif(0)/m/n/10 Re-
 []


Overfull \hbox (3.46736pt too wide) in paragraph at lines 994--996
[]|\TU/FreeSerif(0)/m/n/10 R/W| 
 []


Overfull \hbox (5.53735pt too wide) in paragraph at lines 1000--1002
[]|\TU/FreeSerif(0)/m/n/10 W1C| 
 []


Overfull \hbox (1.86736pt too wide) in paragraph at lines 1037--1039
[]\TU/FreeSerif(0)/m/n/10 31:0 
 []


Overfull \hbox (1.86736pt too wide) detected at line 1040
[]\TU/FreeSerif(0)/m/n/10 31:0 
 []

[13

] [14]
Chapter 7.
File: wavedrom-07c854f0-27f4-47ee-8ef2-889a1b8a9157.pdf Graphic file (type pdf)

<use wavedrom-07c854f0-27f4-47ee-8ef2-889a1b8a9157.pdf>
File: wavedrom-0a497190-75af-4d46-afc2-631fca029591.pdf Graphic file (type pdf)

<use wavedrom-0a497190-75af-4d46-afc2-631fca029591.pdf>
[15

] [16]
Chapter 8.
File: otp_voltage.png Graphic file (type bmp)
<otp_voltage.png>
[17

]
File: otp_size.png Graphic file (type bmp)
<otp_size.png>
 [18] [19] [20

]
Chapter 9.
(./jwq40260.ind) [21] (./jwq40260.aux)

LaTeX Font Warning: Some font shapes were not available, defaults substituted.

Package rerunfilecheck Info: File `jwq40260.out' has not changed.
(rerunfilecheck)             Checksum: 109B731A7EB077C01720E4D12AD5F3AF;2586.
 ) 
Here is how much of TeX's memory you used:
 19173 strings out of 476191
 394125 string characters out of 5812073
 812492 words of memory out of 5000000
 39491 multiletter control sequences out of 15000+600000
 475415 words of font info for 107 fonts, out of 8000000 for 9000
 1349 hyphenation exceptions out of 8191
 70i,16n,85p,439b,435s stack positions out of 5000i,500n,10000p,200000b,80000s

Output written on jwq40260.pdf (25 pages).
