\BOOKMARK [0][-]{chapter.1}{\376\377\000S\000i\000m\000p\000l\000i\000f\000i\000e\000d\000\040\000f\000u\000n\000c\000t\000i\000o\000n\000a\000l\000\040\000s\000t\000a\000t\000e\000\040\000d\000i\000a\000g\000r\000a\000m}{}% 1
\BOOKMARK [1][-]{section.1.1}{\376\377\000g\000r\000a\000p\000h\000v\000i\000z}{chapter.1}% 2
\BOOKMARK [1][-]{section.1.2}{\376\377\000g\000r\000a\000p\000h\000v\000i\000z\0001}{chapter.1}% 3
\BOOKMARK [0][-]{chapter.2}{\376\377\000P\000o\000w\000e\000r\000\040\000s\000e\000q\000u\000e\000n\000c\000i\000n\000g}{}% 4
\BOOKMARK [0][-]{chapter.3}{\376\377\000D\000e\000b\000u\000g\000\040\000m\000o\000d\000e\000\040\000e\000n\000t\000r\000y}{}% 5
\BOOKMARK [0][-]{chapter.4}{\376\377\000i\000m\000a\000g\000e}{}% 6
\BOOKMARK [0][-]{chapter.5}{\376\377\000e\000x\000c\000e\000l}{}% 7
\BOOKMARK [0][-]{chapter.6}{\376\377\000R\000e\000g\000i\000s\000t\000e\000r\0001}{}% 8
\BOOKMARK [1][-]{section.6.1}{\376\377\000t\000r\000i\000m\000\137\000v\000a\000d\000c}{chapter.6}% 9
\BOOKMARK [1][-]{section.6.2}{\376\377\000t\000r\000i\000m\000\137\000p\000t\000c}{chapter.6}% 10
\BOOKMARK [0][-]{chapter.7}{\376\377\000D\000e\000v\000i\000c\000e}{}% 11
\BOOKMARK [1][-]{section.7.1}{\376\377\000C\000y\000c\000l\000i\000c\000\040\000R\000e\000d\000u\000n\000d\000a\000n\000t\000\040\000C\000h\000e\000c\000k\000\040\000g\000e\000n\000e\000r\000a\000t\000i\000o\000n}{chapter.7}% 12
\BOOKMARK [1][-]{section.7.2}{\376\377\000s\000p\000i\000\040\000i\000n\000t\000e\000r\000f\000a\000c\000e}{chapter.7}% 13
\BOOKMARK [2][-]{subsection.7.2.1}{\376\377\000S\000P\000I\000\040\000i\000n\000t\000e\000r\000f\000a\000c\000e\000\040\000o\000v\000e\000r\000v\000i\000e\000w}{section.7.2}% 14
\BOOKMARK [2][-]{subsection.7.2.2}{\376\377\000S\000P\000I\000\040\000C\000R\000C\000\040\000c\000a\000l\000c\000u\000l\000a\000t\000i\000o\000n\000\040\000a\000n\000d\000\040\000r\000e\000s\000u\000l\000t\000s}{section.7.2}% 15
\BOOKMARK [2][-]{subsection.7.2.3}{\376\377\000S\000p\000i\000\040\000i\000n\000t\000e\000r\000f\000a\000c\000e\000\040\000t\000i\000m\000i\000n\000g}{section.7.2}% 16
\BOOKMARK [0][-]{chapter.8}{\376\377\000N\000V\000M\000-\000O\000T\000P}{}% 17
\BOOKMARK [1][-]{section.8.1}{\376\377\137\205\170\156\213\244}{chapter.8}% 18
\BOOKMARK [2][-]{subsection.8.1.1}{\376\377\117\233\165\065\165\065\123\213}{section.8.1}% 19
\BOOKMARK [2][-]{subsection.8.1.2}{\376\377\117\115\133\275\131\047\134\017}{section.8.1}% 20
\BOOKMARK [0][-]{chapter.9}{\376\377\000I\000n\000d\000i\000c\000e\000s\000\040\000a\000n\000d\000\040\000t\000a\000b\000l\000e\000s}{}% 21
